<?xml version="1.0" encoding="UTF-8"?>
<!-- Generated by org.testng.reporters.JUnitXMLReporter -->
<testsuite ignored="0" hostname="DESKTOP-0ATAG9T" failures="0" tests="5" name="Test1234" time="0.089" errors="0" timestamp="2023-03-14T15:35:44 IST">
  <testcase classname="Test.TestNGClass1" name="testA" time="0.012"/>
  <testcase classname="Test.TestNGClass1" name="testB" time="0.002"/>
  <testcase classname="Test.TestNGClass1" name="testC" time="0.002"/>
  <testcase classname="Test.TestNGClass1" name="testD" time="0.002"/>
  <testcase classname="Test.TestNGClass2" name="test" time="0.001"/>
</testsuite> <!-- Test1234 -->
